24-04-16 19:43:15.879 [RMI TCP Connection(7)-127.0.0.1] INFO  o.s.b.a.SpringApplicationAdminMXBeanRegistrar$SpringApplicationAdmin -
				Application shutdown requested.
24-04-16 19:43:15.899 [RMI TCP Connection(7)-127.0.0.1] INFO  o.a.coyote.http11.Http11NioProtocol -
				Stopping ProtocolHandler ["http-nio-8080"]
24-04-16 19:43:15.960 [RMI TCP Connection(7)-127.0.0.1] INFO  o.s.o.j.LocalContainerEntityManagerFactoryBean -
				Closing JPA EntityManagerFactory for persistence unit 'default'
24-04-16 19:43:15.968 [RMI TCP Connection(7)-127.0.0.1] INFO  com.zaxxer.hikari.HikariDataSource -
				HikariPool-1 - Shutdown initiated...
24-04-16 19:43:16.017 [RMI TCP Connection(7)-127.0.0.1] INFO  com.zaxxer.hikari.HikariDataSource -
				HikariPool-1 - Shutdown completed.
24-04-16 19:43:19.236 [background-preinit] INFO  o.h.validator.internal.util.Version -
				HV000001: Hibernate Validator 8.0.1.Final
24-04-16 19:43:19.298 [main] INFO  com.event.EventProjectApplication -
				Starting EventProjectApplication using Java 17.0.9 with PID 144884 (D:\RestProject\Event_Project\target\classes started by baps in D:\RestProject\Event_Project)
24-04-16 19:43:19.299 [main] INFO  com.event.EventProjectApplication -
				No active profile set, falling back to 1 default profile: "default"
24-04-16 19:43:20.118 [main] INFO  o.s.d.r.c.RepositoryConfigurationDelegate -
				Bootstrapping Spring Data JPA repositories in DEFAULT mode.
24-04-16 19:43:20.202 [main] INFO  o.s.d.r.c.RepositoryConfigurationDelegate -
				Finished Spring Data repository scanning in 74 ms. Found 4 JPA repository interfaces.
24-04-16 19:43:20.992 [main] INFO  o.s.b.w.e.tomcat.TomcatWebServer -
				Tomcat initialized with port 8080 (http)
24-04-16 19:43:21.016 [main] INFO  o.a.coyote.http11.Http11NioProtocol -
				Initializing ProtocolHandler ["http-nio-8080"]
24-04-16 19:43:21.021 [main] INFO  o.a.catalina.core.StandardService -
				Starting service [Tomcat]
24-04-16 19:43:21.022 [main] INFO  o.a.catalina.core.StandardEngine -
				Starting Servlet engine: [Apache Tomcat/10.1.19]
24-04-16 19:43:21.155 [main] INFO  o.a.c.c.C.[Tomcat].[localhost].[/] -
				Initializing Spring embedded WebApplicationContext
24-04-16 19:43:21.156 [main] INFO  o.s.b.w.s.c.ServletWebServerApplicationContext -
				Root WebApplicationContext: initialization completed in 1804 ms
24-04-16 19:43:21.344 [main] INFO  o.h.jpa.internal.util.LogHelper -
				HHH000204: Processing PersistenceUnitInfo [name: default]
24-04-16 19:43:21.410 [main] INFO  org.hibernate.Version -
				HHH000412: Hibernate ORM core version 6.4.4.Final
24-04-16 19:43:21.451 [main] INFO  o.h.c.i.RegionFactoryInitiator -
				HHH000026: Second-level cache disabled
24-04-16 19:43:21.729 [main] INFO  o.s.o.j.p.SpringPersistenceUnitInfo -
				No LoadTimeWeaver setup: ignoring JPA class transformer
24-04-16 19:43:21.771 [main] INFO  com.zaxxer.hikari.HikariDataSource -
				HikariPool-1 - Starting...
24-04-16 19:43:22.392 [main] INFO  com.zaxxer.hikari.pool.HikariPool -
				HikariPool-1 - Added connection com.mysql.cj.jdbc.ConnectionImpl@1f1fbc9f
24-04-16 19:43:22.396 [main] INFO  com.zaxxer.hikari.HikariDataSource -
				HikariPool-1 - Start completed.
24-04-16 19:43:23.963 [main] INFO  o.h.e.t.j.p.i.JtaPlatformInitiator -
				HHH000489: No JTA platform available (set 'hibernate.transaction.jta.platform' to enable JTA platform integration)
24-04-16 19:43:24.109 [main] INFO  o.s.o.j.LocalContainerEntityManagerFactoryBean -
				Initialized JPA EntityManagerFactory for persistence unit 'default'
24-04-16 19:43:24.875 [main] WARN  o.s.b.a.o.j.JpaBaseConfiguration$JpaWebConfiguration -
				spring.jpa.open-in-view is enabled by default. Therefore, database queries may be performed during view rendering. Explicitly configure spring.jpa.open-in-view to disable this warning
24-04-16 19:43:25.364 [main] INFO  o.a.coyote.http11.Http11NioProtocol -
				Starting ProtocolHandler ["http-nio-8080"]
24-04-16 19:43:25.389 [main] INFO  o.s.b.w.e.tomcat.TomcatWebServer -
				Tomcat started on port 8080 (http) with context path ''
24-04-16 19:43:25.398 [main] INFO  com.event.EventProjectApplication -
				Started EventProjectApplication in 6.65 seconds (process running for 7.791)
